running base HMM with only global probs
calculated probabilites
          pred:N  pred:DT  pred:CJ  pred:P  pred:NPL  pred:NM  pred:V  pred:VM  pred:D  pred:PRE
true:N       295        0        0       0         1       25       1        0       0         0
true:DT        1        3        0       1         0        0       0        0       0         0
true:CJ        0        0        1       0         0        0       0        0       0         0
true:P         0        0        0      27         0        4       0        0       1         0
true:NPL      11        0        0       0        67        0       0        0       0         0
true:NM        5        0        0       0         0      406       4        0       0         0
true:V         3        0        0       0         0       14      64        0       0         0
true:VM        0        0        0       0         0        0       0        3       0         0
true:D         0        0        0       1         0        0       0        0       6         0
true:PRE       0        0        0       0         0        6       0        0       0        27
              precision    recall  f1-score   support

           N       0.94      0.92      0.93       322
          DT       1.00      0.60      0.75         5
          CJ       1.00      1.00      1.00         1
           P       0.93      0.84      0.89        32
         NPL       0.99      0.86      0.92        78
          NM       0.89      0.98      0.93       415
           V       0.93      0.79      0.85        81
          VM       1.00      1.00      1.00         3
           D       0.86      0.86      0.86         7
         PRE       1.00      0.82      0.90        33

    accuracy                           0.92       977
   macro avg       0.95      0.87      0.90       977
weighted avg       0.92      0.92      0.92       977

running base HMM with only context probs
          pred:N  pred:DT  pred:CJ  pred:P  pred:NPL  pred:NM  pred:V  pred:VM  pred:D  pred:PRE
true:N       311        0        0       0         1        7       1        0       2         0
true:DT        0        4        0       1         0        0       0        0       0         0
true:CJ        0        0        1       0         0        0       0        0       0         0
true:P         0        0        0      29         0        2       0        0       1         0
true:NPL      15        0        0       0        63        0       0        0       0         0
true:NM        4        0        0       0         0      406       4        0       0         1
true:V         2        0        0       0         0        4      75        0       0         0
true:VM        0        0        0       0         0        0       0        3       0         0
true:D         0        0        0       0         0        0       0        0       7         0
true:PRE       0        0        0       0         0        4       0        0       0        29
              precision    recall  f1-score   support

           N       0.94      0.97      0.95       322
          DT       1.00      0.80      0.89         5
          CJ       1.00      1.00      1.00         1
           P       0.97      0.91      0.94        32
         NPL       0.98      0.81      0.89        78
          NM       0.96      0.98      0.97       415
           V       0.94      0.93      0.93        81
          VM       1.00      1.00      1.00         3
           D       0.70      1.00      0.82         7
         PRE       0.97      0.88      0.92        33

    accuracy                           0.95       977
   macro avg       0.95      0.93      0.93       977
weighted avg       0.95      0.95      0.95       977

running base HMM with context and global probs
          pred:N  pred:DT  pred:CJ  pred:P  pred:NPL  pred:NM  pred:V  pred:VM  pred:D  pred:PRE
true:N       297        0        0       0         1       24       0        0       0         0
true:DT        1        3        0       1         0        0       0        0       0         0
true:CJ        0        0        1       0         0        0       0        0       0         0
true:P         0        0        0      28         0        3       0        0       1         0
true:NPL      11        0        0       0        67        0       0        0       0         0
true:NM        5        0        0       0         0      409       1        0       0         0
true:V         3        0        0       0         0        3      75        0       0         0
true:VM        0        0        0       0         0        0       0        3       0         0
true:D         0        0        0       0         0        0       0        0       7         0
true:PRE       0        0        0       0         0        6       1        0       0        26
              precision    recall  f1-score   support

           N       0.94      0.92      0.93       322
          DT       1.00      0.60      0.75         5
          CJ       1.00      1.00      1.00         1
           P       0.97      0.88      0.92        32
         NPL       0.99      0.86      0.92        78
          NM       0.92      0.99      0.95       415
           V       0.97      0.93      0.95        81
          VM       1.00      1.00      1.00         3
           D       0.88      1.00      0.93         7
         PRE       1.00      0.79      0.88        33

    accuracy                           0.94       977
   macro avg       0.97      0.90      0.92       977
weighted avg       0.94      0.94      0.94       977


augmenting training data
augmenting labeled data with synonyms
original number of words: 1582
original number of ids: 1335
final number of words: 5845
final number of ids: 20122

augmenting labeled data with plural and singular
original number of words: 5728
original number of ids: 20122
final number of words: 5728
final number of ids: 40244
running augmented HMM with context and global probs
          pred:N  pred:DT  pred:CJ  pred:P  pred:NPL  pred:NM  pred:V  pred:VM  pred:D  pred:PRE
true:N       286        0        0       0         5       26       5        0       0         0
true:DT        0        4        0       1         0        0       0        0       0         0
true:CJ        0        0        1       0         0        0       0        0       0         0
true:P         0        0        0      27         0        5       0        0       0         0
true:NPL       4        0        0       0        73        1       0        0       0         0
true:NM        4        0        0       0         0      410       1        0       0         0
true:V         2        0        0       0         0        4      75        0       0         0
true:VM        0        0        0       0         0        0       0        3       0         0
true:D         0        0        0       0         0        0       0        0       7         0
true:PRE       0        0        0       0         0        6       1        0       0        26
              precision    recall  f1-score   support

           N       0.97      0.89      0.93       322
          DT       1.00      0.80      0.89         5
          CJ       1.00      1.00      1.00         1
           P       0.96      0.84      0.90        32
         NPL       0.94      0.94      0.94        78
          NM       0.91      0.99      0.95       415
           V       0.91      0.93      0.92        81
          VM       1.00      1.00      1.00         3
           D       1.00      1.00      1.00         7
         PRE       1.00      0.79      0.88        33

    accuracy                           0.93       977
   macro avg       0.97      0.92      0.94       977
weighted avg       0.94      0.93      0.93       977

running augmented emission data with word2vec
          pred:N  pred:DT  pred:CJ  pred:P  pred:NPL  pred:NM  pred:V  pred:VM  pred:D  pred:PRE
true:N       295        0        0       0         1       25       0        0       1         0
true:DT        1        3        0       1         0        0       0        0       0         0
true:CJ        0        0        1       0         0        0       0        0       0         0
true:P         0        0        0      29         0        2       0        0       1         0
true:NPL      10        0        0       0        67        1       0        0       0         0
true:NM        8        0        0       0         2      404       1        0       0         0
true:V         4        0        0       0         0        5      72        0       0         0
true:VM        0        0        0       0         0        0       0        3       0         0
true:D         0        0        0       0         0        0       0        0       7         0
true:PRE       0        0        0       0         0        6       1        0       0        26
              precision    recall  f1-score   support

           N       0.93      0.92      0.92       322
          DT       1.00      0.60      0.75         5
          CJ       1.00      1.00      1.00         1
           P       0.97      0.91      0.94        32
         NPL       0.96      0.86      0.91        78
          NM       0.91      0.97      0.94       415
           V       0.97      0.89      0.93        81
          VM       1.00      1.00      1.00         3
           D       0.78      1.00      0.88         7
         PRE       1.00      0.79      0.88        33

    accuracy                           0.93       977
   macro avg       0.95      0.89      0.91       977
weighted avg       0.93      0.93      0.93       977

running augmented emission data with neighbor graph clustering
augmenting emissions probs with custom clustering. Note this may take a while
          pred:N  pred:DT  pred:CJ  pred:P  pred:NPL  pred:NM  pred:V  pred:VM  pred:D  pred:PRE
true:N       312        0        0       0         1        7       0        0       2         0
true:DT        0        4        0       1         0        0       0        0       0         0
true:CJ        0        0        1       0         0        0       0        0       0         0
true:P         0        0        0      30         0        2       0        0       0         0
true:NPL      15        0        0       0        63        0       0        0       0         0
true:NM        4        0        0       0         0      406       4        0       0         1
true:V         2        0        0       0         0        4      75        0       0         0
true:VM        0        0        0       0         0        0       0        3       0         0
true:D         0        0        0       0         0        0       0        0       7         0
true:PRE       0        0        0       0         0        4       0        0       0        29
              precision    recall  f1-score   support

           N       0.94      0.97      0.95       322
          DT       1.00      0.80      0.89         5
          CJ       1.00      1.00      1.00         1
           P       0.97      0.94      0.95        32
         NPL       0.98      0.81      0.89        78
          NM       0.96      0.98      0.97       415
           V       0.95      0.93      0.94        81
          VM       1.00      1.00      1.00         3
           D       0.78      1.00      0.88         7
         PRE       0.97      0.88      0.92        33

    accuracy                           0.95       977
   macro avg       0.95      0.93      0.94       977
weighted avg       0.95      0.95      0.95       977